<?xml version="1.0" encoding="UTF-8"?>
<testng-results ignored="0" total="3" passed="3" failed="0" skipped="0">
  <reporter-output>
  </reporter-output>
  <suite started-at="2024-02-02T10:45:48 IST" name="Suite" finished-at="2024-02-02T10:46:07 IST" duration-ms="18127">
    <groups>
    </groups>
    <test started-at="2024-02-02T10:45:48 IST" name="Test" finished-at="2024-02-02T10:46:07 IST" duration-ms="18127">
      <class name="ci.ci.test3">
        <test-method signature="case3()[pri:0, instance:ci.ci.test3@2f7298b]" started-at="2024-02-02T10:45:48 IST" name="case3" finished-at="2024-02-02T10:46:04 IST" duration-ms="15637" status="PASS">
          <reporter-output>
          </reporter-output>
        </test-method> <!-- case3 -->
      </class> <!-- ci.ci.test3 -->
      <class name="ci.ci.newone">
        <test-method signature="tst1()[pri:3, instance:ci.ci.newone@619713e5]" started-at="2024-02-02T10:45:48 IST" name="tst1" finished-at="2024-02-02T10:46:04 IST" duration-ms="15311" status="PASS">
          <reporter-output>
          </reporter-output>
        </test-method> <!-- tst1 -->
        <test-method is-config="true" signature="teardown()[pri:0, instance:ci.ci.newone@619713e5]" started-at="2024-02-02T10:46:04 IST" name="teardown" finished-at="2024-02-02T10:46:06 IST" duration-ms="1999" status="PASS">
          <reporter-output>
          </reporter-output>
        </test-method> <!-- teardown -->
      </class> <!-- ci.ci.newone -->
      <class name="ci.ci.test1">
        <test-method signature="testcase3()[pri:1, instance:ci.ci.test1@16ec5519]" started-at="2024-02-02T10:45:48 IST" name="testcase3" finished-at="2024-02-02T10:46:03 IST" duration-ms="14888" status="PASS">
          <reporter-output>
          </reporter-output>
        </test-method> <!-- testcase3 -->
        <test-method is-config="true" signature="teardown()[pri:0, instance:ci.ci.test1@16ec5519]" started-at="2024-02-02T10:46:06 IST" name="teardown" finished-at="2024-02-02T10:46:07 IST" duration-ms="444" status="PASS">
          <reporter-output>
          </reporter-output>
        </test-method> <!-- teardown -->
      </class> <!-- ci.ci.test1 -->
    </test> <!-- Test -->
  </suite> <!-- Suite -->
</testng-results>
